{
  "RSpec": {
    "coverage": {
      "/Users/LoRyder1/Desktop/freqanalysis/config/environment.rb": [
        null,
        null,
        null,
        1,
        null,
        1,
        null,
        null,
        1,
        null,
        1,
        1,
        null,
        1,
        1,
        1,
        null,
        1,
        1,
        null,
        1,
        null,
        1,
        null,
        1,
        1,
        null,
        null,
        1,
        null,
        1,
        null,
        null,
        2,
        1,
        null,
        null,
        1
      ],
      "/Users/LoRyder1/Desktop/freqanalysis/app/controllers/index.rb": [
        1,
        null,
        0,
        null,
        null,
        1,
        null,
        0,
        0,
        null,
        null,
        0,
        null,
        0,
        null,
        0,
        null,
        0,
        null,
        0,
        null,
        0,
        null,
        null,
        0,
        null,
        null,
        0,
        null,
        0,
        null,
        0,
        null,
        0,
        null,
        null,
        null,
        null,
        null,
        null,
        null
      ],
      "/Users/LoRyder1/Desktop/freqanalysis/config/database.rb": [
        null,
        1,
        0,
        null,
        null,
        null,
        null,
        null,
        null,
        null,
        1,
        3,
        3,
        null,
        null,
        null,
        null,
        null,
        null,
        null,
        null,
        null,
        null,
        null,
        null,
        1,
        null,
        1,
        null,
        null,
        null,
        null,
        null,
        null,
        1,
        null,
        null,
        null,
        null,
        null,
        null,
        null,
        null
      ],
      "/Users/LoRyder1/Desktop/freqanalysis/spec/models/document_spec.rb": [
        1,
        1,
        null,
        1,
        null,
        1,
        5,
        5,
        5,
        5,
        null,
        null,
        1,
        1,
        null,
        null,
        1,
        1,
        null,
        null,
        1,
        1,
        null,
        null,
        1,
        1,
        1,
        null,
        null,
        1,
        1,
        1,
        1,
        1,
        1,
        1,
        null,
        null,
        null,
        null,
        null,
        null,
        null,
        null,
        null,
        null
      ],
      "/Users/LoRyder1/Desktop/freqanalysis/spec/models/word_spec.rb": [
        1,
        1,
        null,
        1,
        null,
        1,
        7,
        7,
        null,
        null,
        1,
        1,
        1,
        null,
        null,
        1,
        1,
        1,
        null,
        null,
        1,
        1,
        1,
        null,
        null,
        1,
        1,
        1,
        null,
        null,
        1,
        1,
        1,
        null,
        null,
        1,
        1,
        1,
        null,
        null,
        1,
        1,
        1,
        null,
        null,
        null
      ],
      "/Users/LoRyder1/Desktop/freqanalysis/app/models/document.rb": [
        1,
        1,
        1,
        null,
        null,
        1,
        6,
        6,
        30,
        null,
        6,
        null,
        null,
        1,
        5,
        5,
        25,
        null,
        5,
        null,
        null,
        1,
        5,
        null,
        null,
        1,
        2,
        2,
        89,
        null,
        2,
        null,
        null,
        1,
        61,
        1,
        null,
        null,
        null,
        null
      ],
      "/Users/LoRyder1/Desktop/freqanalysis/app/models/file_uploader.rb": [
        1,
        1,
        null
      ],
      "/Users/LoRyder1/Desktop/freqanalysis/app/models/word.rb": [
        1,
        1,
        null,
        1,
        6,
        6,
        114,
        null,
        6,
        null,
        null,
        1,
        5,
        5,
        116,
        9,
        null,
        17,
        null,
        90,
        null,
        null,
        5,
        null,
        null,
        null
      ]
    },
    "timestamp": 1422224159
  }
}
